# JRE version: Java(TM) SE Runtime Environment (21.0.3+7) (build 21.0.3+7-LTS-152)
# Java VM: Java HotSpot(TM) 64-Bit Server VM (21.0.3+7-LTS-152, mixed mode, sharing, tiered, compressed oops, compressed class ptrs, g1 gc, windows-amd64)
GC Precious Log:
 CardTable entry size: 512
 Card Set container configuration: InlinePtr #cards 5 size 8 Array Of Cards #cards 12 size 40 Howl #buckets 4 coarsen threshold 1843 Howl Bitmap #cards 512 size 80 coarsen threshold 460 Card regions per heap region 1 cards per card region 2048
 CPUs: 4 total, 4 available
 Memory: 8097M
 Large Page Support: Disabled
 NUMA Support: Disabled
 Compressed Oops: Enabled (32-bit)
 Heap Region Size: 1M
 Heap Min Capacity: 8M
 Heap Initial Capacity: 128M
 Heap Max Capacity: 2026M
 Pre-touch: Disabled
 Parallel Workers: 4
 Concurrent Workers: 1
 Concurrent Refinement Workers: 4
 Periodic GC: Disabled
Heap:
 garbage-first heap   total 86016K, used 60217K [0x0000000081600000, 0x0000000100000000)
  region size 1024K, 20 young (20480K), 2 survivors (2048K)
 Metaspace       used 65750K, committed 67008K, reserved 1114112K
  class space    used 8304K, committed 8832K, reserved 1048576K
GC Heap History (20 events):
Event: 8.475 GC heap before
{Heap before GC invocations=7 (full 0):
 garbage-first heap   total 71680K, used 54768K [0x0000000081600000, 0x0000000100000000)
  region size 1024K, 39 young (39936K), 5 survivors (5120K)
 Metaspace       used 30252K, committed 30720K, reserved 1114112K
  class space    used 3723K, committed 3968K, reserved 1048576K
}
Event: 8.495 GC heap after
{Heap after GC invocations=8 (full 0):
 garbage-first heap   total 71680K, used 23864K [0x0000000081600000, 0x0000000100000000)
  region size 1024K, 4 young (4096K), 4 survivors (4096K)
 Metaspace       used 30252K, committed 30720K, reserved 1114112K
  class space    used 3723K, committed 3968K, reserved 1048576K
}
Event: 9.580 GC heap before
{Heap before GC invocations=8 (full 0):
 garbage-first heap   total 71680K, used 59704K [0x0000000081600000, 0x0000000100000000)
  region size 1024K, 38 young (38912K), 4 survivors (4096K)
 Metaspace       used 33424K, committed 33984K, reserved 1114112K
  class space    used 4150K, committed 4416K, reserved 1048576K
}
Event: 9.592 GC heap after
{Heap after GC invocations=9 (full 0):
 garbage-first heap   total 86016K, used 25143K [0x0000000081600000, 0x0000000100000000)
  region size 1024K, 2 young (2048K), 2 survivors (2048K)
 Metaspace       used 33424K, committed 33984K, reserved 1114112K
  class space    used 4150K, committed 4416K, reserved 1048576K
}
Event: 9.974 GC heap before
{Heap before GC invocations=9 (full 0):
 garbage-first heap   total 86016K, used 34359K [0x0000000081600000, 0x0000000100000000)
  region size 1024K, 12 young (12288K), 2 survivors (2048K)
 Metaspace       used 35522K, committed 36096K, reserved 1114112K
  class space    used 4451K, committed 4672K, reserved 1048576K
}
Event: 9.981 GC heap after
{Heap after GC invocations=10 (full 0):
 garbage-first heap   total 86016K, used 25841K [0x0000000081600000, 0x0000000100000000)
  region size 1024K, 3 young (3072K), 3 survivors (3072K)
 Metaspace       used 35522K, committed 36096K, reserved 1114112K
  class space    used 4451K, committed 4672K, reserved 1048576K
}
Event: 11.657 GC heap before
{Heap before GC invocations=11 (full 0):
 garbage-first heap   total 86016K, used 72945K [0x0000000081600000, 0x0000000100000000)
  region size 1024K, 50 young (51200K), 3 survivors (3072K)
 Metaspace       used 42704K, committed 43392K, reserved 1114112K
  class space    used 5507K, committed 5824K, reserved 1048576K
}
Event: 11.672 GC heap after
{Heap after GC invocations=12 (full 0):
 garbage-first heap   total 86016K, used 32471K [0x0000000081600000, 0x0000000100000000)
  region size 1024K, 7 young (7168K), 7 survivors (7168K)
 Metaspace       used 42704K, committed 43392K, reserved 1114112K
  class space    used 5507K, committed 5824K, reserved 1048576K
}
Event: 13.090 GC heap before
{Heap before GC invocations=12 (full 0):
 garbage-first heap   total 86016K, used 71383K [0x0000000081600000, 0x0000000100000000)
  region size 1024K, 45 young (46080K), 7 survivors (7168K)
 Metaspace       used 48863K, committed 49600K, reserved 1114112K
  class space    used 6458K, committed 6784K, reserved 1048576K
}
Event: 13.111 GC heap after
{Heap after GC invocations=13 (full 0):
 garbage-first heap   total 86016K, used 36417K [0x0000000081600000, 0x0000000100000000)
  region size 1024K, 4 young (4096K), 4 survivors (4096K)
 Metaspace       used 48863K, committed 49600K, reserved 1114112K
  class space    used 6458K, committed 6784K, reserved 1048576K
}
Event: 14.388 GC heap before
{Heap before GC invocations=13 (full 0):
 garbage-first heap   total 86016K, used 72257K [0x0000000081600000, 0x0000000100000000)
  region size 1024K, 40 young (40960K), 4 survivors (4096K)
 Metaspace       used 54795K, committed 55616K, reserved 1114112K
  class space    used 7210K, committed 7616K, reserved 1048576K
}
Event: 14.400 GC heap after
{Heap after GC invocations=14 (full 0):
 garbage-first heap   total 86016K, used 40904K [0x0000000081600000, 0x0000000100000000)
  region size 1024K, 5 young (5120K), 5 survivors (5120K)
 Metaspace       used 54795K, committed 55616K, reserved 1114112K
  class space    used 7210K, committed 7616K, reserved 1048576K
}
Event: 30.594 GC heap before
{Heap before GC invocations=14 (full 0):
 garbage-first heap   total 86016K, used 61384K [0x0000000081600000, 0x0000000100000000)
  region size 1024K, 27 young (27648K), 5 survivors (5120K)
 Metaspace       used 59656K, committed 60480K, reserved 1114112K
  class space    used 7862K, committed 8192K, reserved 1048576K
}
Event: 30.603 GC heap after
{Heap after GC invocations=15 (full 0):
 garbage-first heap   total 86016K, used 42888K [0x0000000081600000, 0x0000000100000000)
  region size 1024K, 2 young (2048K), 2 survivors (2048K)
 Metaspace       used 59656K, committed 60480K, reserved 1114112K
  class space    used 7862K, committed 8192K, reserved 1048576K
}
Event: 2475.879 GC heap before
{Heap before GC invocations=16 (full 0):
 garbage-first heap   total 86016K, used 74632K [0x0000000081600000, 0x0000000100000000)
  region size 1024K, 34 young (34816K), 2 survivors (2048K)
 Metaspace       used 64345K, committed 65216K, reserved 1114112K
  class space    used 8403K, committed 8832K, reserved 1048576K
}
Event: 2475.892 GC heap after
{Heap after GC invocations=17 (full 0):
 garbage-first heap   total 86016K, used 44952K [0x0000000081600000, 0x0000000100000000)
  region size 1024K, 5 young (5120K), 5 survivors (5120K)
 Metaspace       used 64345K, committed 65216K, reserved 1114112K
  class space    used 8403K, committed 8832K, reserved 1048576K
}
Event: 3259.689 GC heap before
{Heap before GC invocations=17 (full 0):
 garbage-first heap   total 86016K, used 73624K [0x0000000081600000, 0x0000000100000000)
  region size 1024K, 34 young (34816K), 5 survivors (5120K)
 Metaspace       used 65576K, committed 66496K, reserved 1114112K
  class space    used 8417K, committed 8832K, reserved 1048576K
}
Event: 3259.719 GC heap after
{Heap after GC invocations=18 (full 0):
 garbage-first heap   total 86016K, used 43819K [0x0000000081600000, 0x0000000100000000)
  region size 1024K, 2 young (2048K), 2 survivors (2048K)
 Metaspace       used 65576K, committed 66496K, reserved 1114112K
  class space    used 8417K, committed 8832K, reserved 1048576K
}
Event: 4246.621 GC heap before
{Heap before GC invocations=18 (full 0):
 garbage-first heap   total 86016K, used 77611K [0x0000000081600000, 0x0000000100000000)
  region size 1024K, 35 young (35840K), 2 survivors (2048K)
 Metaspace       used 66085K, committed 66944K, reserved 1114112K
  class space    used 8422K, committed 8832K, reserved 1048576K
}
Event: 4246.648 GC heap after
{Heap after GC invocations=19 (full 0):
 garbage-first heap   total 86016K, used 43833K [0x0000000081600000, 0x0000000100000000)
  region size 1024K, 2 young (2048K), 2 survivors (2048K)
 Metaspace       used 66085K, committed 66944K, reserved 1114112K
  class space    used 8422K, committed 8832K, reserved 1048576K
}

